2019/06/20 09:01:37.508 [I] [asm_amd64.s:1337]  http server Running on http://:6700
2019/06/20 09:02:42.591 [D] [server.go:2774]  |            ::1|[47m 302 [0m|        980µs|   match|[44m GET     [0m /swagger
2019/06/20 09:02:42.595 [D] [server.go:2774]  |            ::1|[42m 200 [0m|      996.8µs|   match|[44m GET     [0m /swagger/
2019/06/20 09:02:42.613 [D] [server.go:2774]  |            ::1|[42m 200 [0m|      998.2µs|   match|[44m GET     [0m /swagger/swagger-ui.css
2019/06/20 09:02:42.618 [D] [server.go:2774]  |            ::1|[42m 200 [0m|     2.9918ms|   match|[44m GET     [0m /swagger/swagger-ui-standalone-preset.js
2019/06/20 09:02:42.623 [D] [server.go:2774]  |            ::1|[42m 200 [0m|     9.9768ms|   match|[44m GET     [0m /swagger/swagger-ui-bundle.js
2019/06/20 09:02:43.023 [D] [server.go:2774]  |            ::1|[42m 200 [0m|           0s|   match|[44m GET     [0m /swagger/swagger.json
2019/06/20 09:02:43.192 [D] [server.go:2774]  |            ::1|[42m 200 [0m|           0s|   match|[44m GET     [0m /swagger/favicon-32x32.png
2019/06/20 09:03:27.451 [D] [server.go:2774]  |            ::1|[43m 404 [0m|           0s| nomatch|[44m GET     [0m /v1/object
2019/06/20 09:03:27.564 [D] [server.go:2774]  |            ::1|[43m 404 [0m|      997.2µs| nomatch|[44m GET     [0m /favicon.ico
2019/06/20 09:05:59.191 [I] [asm_amd64.s:1337]  http server Running on http://:6700
2019/06/20 09:06:00.491 [I] [asm_amd64.s:1337]  http server Running on http://:6700
2019/06/20 09:06:01.822 [I] [asm_amd64.s:1337]  http server Running on http://:6700
2019/06/20 09:06:03.115 [I] [asm_amd64.s:1337]  http server Running on http://:6700
2019/06/20 09:06:04.424 [I] [asm_amd64.s:1337]  http server Running on http://:6700
2019/06/20 09:06:18.646 [I] [asm_amd64.s:1337]  http server Running on http://:6700
2019/06/20 09:06:23.764 [D] [server.go:2774]  |            ::1|[47m 304 [0m|           0s|   match|[44m GET     [0m /swagger/
2019/06/20 09:06:23.776 [D] [server.go:2774]  |            ::1|[47m 304 [0m|        790µs|   match|[44m GET     [0m /swagger/swagger-ui.css
2019/06/20 09:06:23.783 [D] [server.go:2774]  |            ::1|[47m 304 [0m|     6.9634ms|   match|[44m GET     [0m /swagger/swagger-ui-bundle.js
2019/06/20 09:06:23.783 [D] [server.go:2774]  |            ::1|[47m 304 [0m|     5.9839ms|   match|[44m GET     [0m /swagger/swagger-ui-standalone-preset.js
2019/06/20 09:06:23.875 [D] [server.go:2774]  |            ::1|[42m 200 [0m|      998.3µs|   match|[44m GET     [0m /swagger/swagger.json
2019/06/20 09:06:23.884 [D] [server.go:2774]  |            ::1|[42m 200 [0m|           0s|   match|[44m GET     [0m /swagger/favicon-32x32.png
2019/06/20 09:42:52.672 [I] [asm_amd64.s:1337]  http server Running on http://:6700
2019/06/20 09:42:54.651 [D] [server.go:2774]  |            ::1|[47m 304 [0m|      996.5µs|   match|[44m GET     [0m /swagger/
2019/06/20 09:42:54.708 [D] [server.go:2774]  |            ::1|[47m 304 [0m|           0s|   match|[44m GET     [0m /swagger/swagger-ui.css
2019/06/20 09:42:54.712 [D] [server.go:2774]  |            ::1|[47m 304 [0m|     3.9868ms|   match|[44m GET     [0m /swagger/swagger-ui-bundle.js
2019/06/20 09:42:54.712 [D] [server.go:2774]  |            ::1|[47m 304 [0m|           0s|   match|[44m GET     [0m /swagger/swagger-ui-standalone-preset.js
2019/06/20 09:42:54.911 [D] [server.go:2774]  |            ::1|[42m 200 [0m|           0s|   match|[44m GET     [0m /swagger/swagger.json
2019/06/20 09:42:55.100 [D] [server.go:2774]  |            ::1|[42m 200 [0m|           0s|   match|[44m GET     [0m /swagger/favicon-32x32.png
2019/06/20 09:44:17.663 [I] [asm_amd64.s:1337]  http server Running on http://:6700
2019/06/20 09:44:22.180 [D] [server.go:2774]  |            ::1|[47m 304 [0m|      998.4µs|   match|[44m GET     [0m /swagger/
2019/06/20 09:44:22.290 [D] [server.go:2774]  |            ::1|[42m 200 [0m|      995.6µs|   match|[44m GET     [0m /swagger/swagger.json
2019/06/20 09:44:22.298 [D] [server.go:2774]  |            ::1|[42m 200 [0m|           0s|   match|[44m GET     [0m /swagger/favicon-32x32.png
2019/06/20 09:58:49.708 [D] [server.go:2774]  |            ::1|[47m 304 [0m|           0s|   match|[44m GET     [0m /swagger/
2019/06/20 09:58:49.722 [D] [server.go:2774]  |            ::1|[47m 304 [0m|      998.1µs|   match|[44m GET     [0m /swagger/swagger-ui.css
2019/06/20 09:58:49.724 [D] [server.go:2774]  |            ::1|[47m 304 [0m|     2.9903ms|   match|[44m GET     [0m /swagger/swagger-ui-bundle.js
2019/06/20 09:58:49.725 [D] [server.go:2774]  |            ::1|[47m 304 [0m|     3.9917ms|   match|[44m GET     [0m /swagger/swagger-ui-standalone-preset.js
2019/06/20 09:58:49.842 [D] [server.go:2774]  |            ::1|[42m 200 [0m|      997.6µs|   match|[44m GET     [0m /swagger/swagger.json
2019/06/20 09:58:49.856 [D] [server.go:2774]  |            ::1|[42m 200 [0m|           0s|   match|[44m GET     [0m /swagger/favicon-32x32.png
2019/06/20 10:01:39.424 [I] [asm_amd64.s:1337]  http server Running on http://:6700
2019/06/20 10:01:54.476 [D] [server.go:2774]  |            ::1|[47m 304 [0m|           0s|   match|[44m GET     [0m /swagger/
2019/06/20 10:01:54.581 [D] [server.go:2774]  |            ::1|[42m 200 [0m|           0s|   match|[44m GET     [0m /swagger/swagger.json
2019/06/20 10:01:54.595 [D] [server.go:2774]  |            ::1|[42m 200 [0m|      993.6µs|   match|[44m GET     [0m /swagger/favicon-32x32.png
2019/06/20 10:04:31.150 [I] [asm_amd64.s:1337]  http server Running on http://:6700
2019/06/20 10:05:53.795 [I] [asm_amd64.s:1337]  http server Running on http://:6700
2019/06/20 10:06:13.042 [I] [asm_amd64.s:1337]  http server Running on http://:6700
2019/06/20 10:06:34.625 [I] [asm_amd64.s:1337]  http server Running on http://:6700
2019/06/20 10:06:47.546 [I] [asm_amd64.s:1337]  http server Running on http://:6700
2019/06/20 10:07:29.088 [I] [asm_amd64.s:1337]  http server Running on http://:6700
2019/06/20 10:07:36.437 [D] [server.go:2774]  |            ::1|[47m 304 [0m|     1.0091ms|   match|[44m GET     [0m /swagger/
2019/06/20 10:07:36.447 [D] [server.go:2774]  |            ::1|[47m 304 [0m|           0s|   match|[44m GET     [0m /swagger/swagger-ui.css
2019/06/20 10:07:36.450 [D] [server.go:2774]  |            ::1|[47m 304 [0m|     2.9924ms|   match|[44m GET     [0m /swagger/swagger-ui-bundle.js
2019/06/20 10:07:36.451 [D] [server.go:2774]  |            ::1|[47m 304 [0m|     3.0111ms|   match|[44m GET     [0m /swagger/swagger-ui-standalone-preset.js
2019/06/20 10:07:36.624 [D] [server.go:2774]  |            ::1|[42m 200 [0m|           0s|   match|[44m GET     [0m /swagger/swagger.json
2019/06/20 10:07:36.646 [D] [server.go:2774]  |            ::1|[42m 200 [0m|           0s|   match|[44m GET     [0m /swagger/favicon-32x32.png
2019/06/20 10:08:53.006 [I] [asm_amd64.s:1337]  http server Running on http://:6700
2019/06/20 10:14:12.364 [D] [server.go:2774]  |      127.0.0.1|[43m 404 [0m|        998µs| nomatch|[46m POST    [0m /  
2019/06/20 10:14:49.173 [D] [server.go:2774]  |      127.0.0.1|[42m 200 [0m|   463.3848ms|   match|[46m POST    [0m /v1/user/   r:/v1/user/
2019/06/20 10:29:50.394 [I] [asm_amd64.s:1337]  http server Running on http://:6700
2019/06/20 10:29:58.248 [I] [asm_amd64.s:1337]  http server Running on http://:6700
2019/06/20 10:31:41.721 [I] [asm_amd64.s:1337]  http server Running on http://:6700
2019/06/20 10:32:20.972 [I] [asm_amd64.s:1337]  http server Running on http://:6700
2019/06/20 10:32:24.504 [D] [server.go:2774]  |            ::1|[47m 304 [0m|      996.6µs|   match|[44m GET     [0m /swagger/
2019/06/20 10:32:24.518 [D] [server.go:2774]  |            ::1|[47m 304 [0m|     2.9922ms|   match|[44m GET     [0m /swagger/swagger-ui-bundle.js
2019/06/20 10:32:24.518 [D] [server.go:2774]  |            ::1|[47m 304 [0m|     2.9922ms|   match|[44m GET     [0m /swagger/swagger-ui.css
2019/06/20 10:32:24.518 [D] [server.go:2774]  |            ::1|[47m 304 [0m|     2.9922ms|   match|[44m GET     [0m /swagger/swagger-ui-standalone-preset.js
2019/06/20 10:32:24.720 [D] [server.go:2774]  |            ::1|[42m 200 [0m|      995.3µs|   match|[44m GET     [0m /swagger/swagger.json
2019/06/20 10:32:24.741 [D] [server.go:2774]  |            ::1|[42m 200 [0m|           0s|   match|[44m GET     [0m /swagger/favicon-32x32.png
2019/06/20 10:33:24.403 [C] [panic.go:522]  the request url is  /v1/user/
2019/06/20 10:33:24.403 [C] [panic.go:522]  Handler crashed with error Error 1062: Duplicate entry '2' for key 'PRIMARY'
2019/06/20 10:33:24.403 [C] [panic.go:522]  C:/Go/src/runtime/panic.go:522
2019/06/20 10:33:24.404 [C] [panic.go:522]  C:/Users/apina/go/src/lagosapi/models/user.go:43
2019/06/20 10:33:24.404 [C] [panic.go:522]  C:/Users/apina/go/src/lagosapi/controllers/user.go:31
2019/06/20 10:33:24.405 [C] [panic.go:522]  C:/Go/src/reflect/value.go:447
2019/06/20 10:33:24.405 [C] [panic.go:522]  C:/Go/src/reflect/value.go:308
2019/06/20 10:33:24.405 [C] [panic.go:522]  C:/Users/apina/go/src/github.com/astaxie/beego/router.go:853
2019/06/20 10:33:24.405 [C] [panic.go:522]  C:/Go/src/net/http/server.go:2774
2019/06/20 10:33:24.406 [C] [panic.go:522]  C:/Go/src/net/http/server.go:1878
2019/06/20 10:33:24.406 [C] [panic.go:522]  C:/Go/src/runtime/asm_amd64.s:1337
2019/06/20 10:33:24.407 [server.go:3010]  [HTTP] http: superfluous response.WriteHeader call from github.com/astaxie/beego/context.(*Response).WriteHeader (context.go:230)
2019/06/20 10:34:17.519 [I] [asm_amd64.s:1337]  http server Running on http://:6700
2019/06/20 10:34:20.968 [D] [server.go:2774]  |      127.0.0.1|[42m 200 [0m|           0s|   match|[46m POST    [0m /v1/user/   r:/v1/user/
2019/06/20 10:39:38.194 [C] [panic.go:522]  the request url is  /v1/user/
2019/06/20 10:39:38.195 [C] [panic.go:522]  Handler crashed with error Error 1062: Duplicate entry '1' for key 'PRIMARY'
2019/06/20 10:39:38.195 [C] [panic.go:522]  C:/Go/src/runtime/panic.go:522
2019/06/20 10:39:38.195 [C] [panic.go:522]  C:/Users/apina/go/src/lagosapi/models/user.go:43
2019/06/20 10:39:38.196 [C] [panic.go:522]  C:/Users/apina/go/src/lagosapi/controllers/user.go:33
2019/06/20 10:39:38.196 [C] [panic.go:522]  C:/Go/src/reflect/value.go:447
2019/06/20 10:39:38.196 [C] [panic.go:522]  C:/Go/src/reflect/value.go:308
2019/06/20 10:39:38.197 [C] [panic.go:522]  C:/Users/apina/go/src/github.com/astaxie/beego/router.go:853
2019/06/20 10:39:38.197 [C] [panic.go:522]  C:/Go/src/net/http/server.go:2774
2019/06/20 10:39:38.197 [C] [panic.go:522]  C:/Go/src/net/http/server.go:1878
2019/06/20 10:39:38.197 [C] [panic.go:522]  C:/Go/src/runtime/asm_amd64.s:1337
2019/06/20 10:39:38.198 [server.go:3010]  [HTTP] http: superfluous response.WriteHeader call from github.com/astaxie/beego/context.(*Response).WriteHeader (context.go:230)
2019/06/20 10:39:49.352 [C] [panic.go:522]  the request url is  /v1/user/
2019/06/20 10:39:49.352 [C] [panic.go:522]  Handler crashed with error Error 1062: Duplicate entry '1' for key 'PRIMARY'
2019/06/20 10:39:49.353 [C] [panic.go:522]  C:/Go/src/runtime/panic.go:522
2019/06/20 10:39:49.353 [C] [panic.go:522]  C:/Users/apina/go/src/lagosapi/models/user.go:43
2019/06/20 10:39:49.354 [C] [panic.go:522]  C:/Users/apina/go/src/lagosapi/controllers/user.go:33
2019/06/20 10:39:49.354 [C] [panic.go:522]  C:/Go/src/reflect/value.go:447
2019/06/20 10:39:49.355 [C] [panic.go:522]  C:/Go/src/reflect/value.go:308
2019/06/20 10:39:49.355 [C] [panic.go:522]  C:/Users/apina/go/src/github.com/astaxie/beego/router.go:853
2019/06/20 10:39:49.355 [C] [panic.go:522]  C:/Go/src/net/http/server.go:2774
2019/06/20 10:39:49.356 [C] [panic.go:522]  C:/Go/src/net/http/server.go:1878
2019/06/20 10:39:49.356 [C] [panic.go:522]  C:/Go/src/runtime/asm_amd64.s:1337
2019/06/20 10:39:49.357 [server.go:3010]  [HTTP] http: superfluous response.WriteHeader call from github.com/astaxie/beego/context.(*Response).WriteHeader (context.go:230)
2019/06/20 10:39:55.019 [C] [panic.go:522]  the request url is  /v1/user/
2019/06/20 10:39:55.019 [C] [panic.go:522]  Handler crashed with error Error 1062: Duplicate entry '1' for key 'PRIMARY'
2019/06/20 10:39:55.020 [C] [panic.go:522]  C:/Go/src/runtime/panic.go:522
2019/06/20 10:39:55.021 [C] [panic.go:522]  C:/Users/apina/go/src/lagosapi/models/user.go:43
2019/06/20 10:39:55.021 [C] [panic.go:522]  C:/Users/apina/go/src/lagosapi/controllers/user.go:33
2019/06/20 10:39:55.021 [C] [panic.go:522]  C:/Go/src/reflect/value.go:447
2019/06/20 10:39:55.021 [C] [panic.go:522]  C:/Go/src/reflect/value.go:308
2019/06/20 10:39:55.022 [C] [panic.go:522]  C:/Users/apina/go/src/github.com/astaxie/beego/router.go:853
2019/06/20 10:39:55.022 [C] [panic.go:522]  C:/Go/src/net/http/server.go:2774
2019/06/20 10:39:55.022 [C] [panic.go:522]  C:/Go/src/net/http/server.go:1878
2019/06/20 10:39:55.022 [C] [panic.go:522]  C:/Go/src/runtime/asm_amd64.s:1337
2019/06/20 10:39:55.023 [server.go:3010]  [HTTP] http: superfluous response.WriteHeader call from github.com/astaxie/beego/context.(*Response).WriteHeader (context.go:230)
2019/06/20 10:44:24.557 [I] [asm_amd64.s:1337]  http server Running on http://:6700
2019/06/20 10:44:39.247 [D] [server.go:2774]  |      127.0.0.1|[42m 200 [0m|   1.1978453s|   match|[46m POST    [0m /v1/user/   r:/v1/user/
2019/06/20 10:44:54.699 [C] [panic.go:522]  the request url is  /v1/user/
2019/06/20 10:44:54.699 [C] [panic.go:522]  Handler crashed with error Error 1062: Duplicate entry '1' for key 'PRIMARY'
2019/06/20 10:44:54.700 [C] [panic.go:522]  C:/Go/src/runtime/panic.go:522
2019/06/20 10:44:54.700 [C] [panic.go:522]  C:/Users/apina/go/src/lagosapi/models/user.go:43
2019/06/20 10:44:54.701 [C] [panic.go:522]  C:/Users/apina/go/src/lagosapi/controllers/user.go:33
2019/06/20 10:44:54.701 [C] [panic.go:522]  C:/Go/src/reflect/value.go:447
2019/06/20 10:44:54.702 [C] [panic.go:522]  C:/Go/src/reflect/value.go:308
2019/06/20 10:44:54.702 [C] [panic.go:522]  C:/Users/apina/go/src/github.com/astaxie/beego/router.go:853
2019/06/20 10:44:54.702 [C] [panic.go:522]  C:/Go/src/net/http/server.go:2774
2019/06/20 10:44:54.703 [C] [panic.go:522]  C:/Go/src/net/http/server.go:1878
2019/06/20 10:44:54.703 [C] [panic.go:522]  C:/Go/src/runtime/asm_amd64.s:1337
2019/06/20 10:44:54.703 [server.go:3010]  [HTTP] http: superfluous response.WriteHeader call from github.com/astaxie/beego/context.(*Response).WriteHeader (context.go:230)
2019/06/20 10:54:48.272 [I] [asm_amd64.s:1337]  http server Running on http://:6700
2019/06/20 10:56:29.142 [I] [asm_amd64.s:1337]  http server Running on http://:6700
2019/06/20 10:56:29.895 [I] [asm_amd64.s:1337]  http server Running on http://:6700
2019/06/20 10:56:38.856 [I] [asm_amd64.s:1337]  http server Running on http://:6700
2019/06/20 10:56:43.723 [C] [panic.go:522]  the request url is  /v1/user/
2019/06/20 10:56:43.723 [C] [panic.go:522]  Handler crashed with error sql: Scan error on column index 1, name "created_at": unsupported Scan, storing driver.Value type []uint8 into type *time.Time
2019/06/20 10:56:43.724 [C] [panic.go:522]  C:/Go/src/runtime/panic.go:522
2019/06/20 10:56:43.724 [C] [panic.go:522]  C:/Users/apina/go/src/lagosapi/models/user.go:41
2019/06/20 10:56:43.724 [C] [panic.go:522]  C:/Users/apina/go/src/lagosapi/controllers/user.go:33
2019/06/20 10:56:43.725 [C] [panic.go:522]  C:/Go/src/reflect/value.go:447
2019/06/20 10:56:43.725 [C] [panic.go:522]  C:/Go/src/reflect/value.go:308
2019/06/20 10:56:43.725 [C] [panic.go:522]  C:/Users/apina/go/src/github.com/astaxie/beego/router.go:853
2019/06/20 10:56:43.726 [C] [panic.go:522]  C:/Go/src/net/http/server.go:2774
2019/06/20 10:56:43.726 [C] [panic.go:522]  C:/Go/src/net/http/server.go:1878
2019/06/20 10:56:43.726 [C] [panic.go:522]  C:/Go/src/runtime/asm_amd64.s:1337
2019/06/20 10:56:43.727 [server.go:3010]  [HTTP] http: superfluous response.WriteHeader call from github.com/astaxie/beego/context.(*Response).WriteHeader (context.go:230)
2019/06/20 10:58:02.309 [I] [asm_amd64.s:1337]  http server Running on http://:6700
2019/06/20 10:58:04.902 [C] [panic.go:522]  the request url is  /v1/user/
2019/06/20 10:58:04.903 [C] [panic.go:522]  Handler crashed with error {{1 0001-01-01 00:00:00 +0000 UTC 0001-01-01 00:00:00 +0000 UTC <nil>} Endy Apinageri endyapina pappi Male 03-05-1997 Primewaters, Ikate Lekki Nigeria apinaendy@gmail.com}
2019/06/20 10:58:04.903 [C] [panic.go:522]  C:/Go/src/runtime/panic.go:522
2019/06/20 10:58:04.904 [C] [panic.go:522]  C:/Users/apina/go/src/lagosapi/models/user.go:41
2019/06/20 10:58:04.905 [C] [panic.go:522]  C:/Users/apina/go/src/lagosapi/controllers/user.go:33
2019/06/20 10:58:04.905 [C] [panic.go:522]  C:/Go/src/reflect/value.go:447
2019/06/20 10:58:04.906 [C] [panic.go:522]  C:/Go/src/reflect/value.go:308
2019/06/20 10:58:04.906 [C] [panic.go:522]  C:/Users/apina/go/src/github.com/astaxie/beego/router.go:853
2019/06/20 10:58:04.906 [C] [panic.go:522]  C:/Go/src/net/http/server.go:2774
2019/06/20 10:58:04.907 [C] [panic.go:522]  C:/Go/src/net/http/server.go:1878
2019/06/20 10:58:04.907 [C] [panic.go:522]  C:/Go/src/runtime/asm_amd64.s:1337
2019/06/20 10:58:04.907 [server.go:3010]  [HTTP] http: superfluous response.WriteHeader call from github.com/astaxie/beego/context.(*Response).WriteHeader (context.go:230)
2019/06/20 10:58:54.603 [I] [asm_amd64.s:1337]  http server Running on http://:6700
2019/06/20 10:59:20.789 [I] [asm_amd64.s:1337]  http server Running on http://:6700
2019/06/20 10:59:21.461 [C] [panic.go:522]  the request url is  /v1/user/
2019/06/20 10:59:21.462 [C] [panic.go:522]  Handler crashed with error {{1 0001-01-01 00:00:00 +0000 UTC 0001-01-01 00:00:00 +0000 UTC <nil>}         }
2019/06/20 10:59:21.462 [C] [panic.go:522]  C:/Go/src/runtime/panic.go:522
2019/06/20 10:59:21.462 [C] [panic.go:522]  C:/Users/apina/go/src/lagosapi/models/user.go:42
2019/06/20 10:59:21.463 [C] [panic.go:522]  C:/Users/apina/go/src/lagosapi/controllers/user.go:33
2019/06/20 10:59:21.463 [C] [panic.go:522]  C:/Go/src/reflect/value.go:447
2019/06/20 10:59:21.463 [C] [panic.go:522]  C:/Go/src/reflect/value.go:308
2019/06/20 10:59:21.464 [C] [panic.go:522]  C:/Users/apina/go/src/github.com/astaxie/beego/router.go:853
2019/06/20 10:59:21.464 [C] [panic.go:522]  C:/Go/src/net/http/server.go:2774
2019/06/20 10:59:21.465 [C] [panic.go:522]  C:/Go/src/net/http/server.go:1878
2019/06/20 10:59:21.465 [C] [panic.go:522]  C:/Go/src/runtime/asm_amd64.s:1337
2019/06/20 10:59:21.466 [server.go:3010]  [HTTP] http: superfluous response.WriteHeader call from github.com/astaxie/beego/context.(*Response).WriteHeader (context.go:230)
2019/06/20 10:59:47.165 [I] [asm_amd64.s:1337]  http server Running on http://:6700
2019/06/20 10:59:47.296 [C] [panic.go:522]  the request url is  /v1/user/
2019/06/20 10:59:47.298 [C] [panic.go:522]  Handler crashed with error {{0 0001-01-01 00:00:00 +0000 UTC 0001-01-01 00:00:00 +0000 UTC <nil>}         }
2019/06/20 10:59:47.298 [C] [panic.go:522]  C:/Go/src/runtime/panic.go:522
2019/06/20 10:59:47.299 [C] [panic.go:522]  C:/Users/apina/go/src/lagosapi/models/user.go:42
2019/06/20 10:59:47.299 [C] [panic.go:522]  C:/Users/apina/go/src/lagosapi/controllers/user.go:33
2019/06/20 10:59:47.300 [C] [panic.go:522]  C:/Go/src/reflect/value.go:447
2019/06/20 10:59:47.300 [C] [panic.go:522]  C:/Go/src/reflect/value.go:308
2019/06/20 10:59:47.300 [C] [panic.go:522]  C:/Users/apina/go/src/github.com/astaxie/beego/router.go:853
2019/06/20 10:59:47.301 [C] [panic.go:522]  C:/Go/src/net/http/server.go:2774
2019/06/20 10:59:47.301 [C] [panic.go:522]  C:/Go/src/net/http/server.go:1878
2019/06/20 10:59:47.301 [C] [panic.go:522]  C:/Go/src/runtime/asm_amd64.s:1337
2019/06/20 10:59:47.303 [server.go:3010]  [HTTP] http: superfluous response.WriteHeader call from github.com/astaxie/beego/context.(*Response).WriteHeader (context.go:230)
2019/06/20 11:05:23.290 [I] [asm_amd64.s:1337]  http server Running on http://:6700
2019/06/20 11:06:22.031 [I] [asm_amd64.s:1337]  http server Running on http://:6700
2019/06/20 11:06:23.603 [C] [panic.go:522]  the request url is  /v1/user/
2019/06/20 11:06:23.604 [C] [panic.go:522]  Handler crashed with error sql: Scan error on column index 1, name "created_at": unsupported Scan, storing driver.Value type []uint8 into type *time.Time
2019/06/20 11:06:23.604 [C] [panic.go:522]  C:/Go/src/runtime/panic.go:522
2019/06/20 11:06:23.605 [C] [panic.go:522]  C:/Users/apina/go/src/lagosapi/models/user.go:40
2019/06/20 11:06:23.605 [C] [panic.go:522]  C:/Users/apina/go/src/lagosapi/controllers/user.go:33
2019/06/20 11:06:23.605 [C] [panic.go:522]  C:/Go/src/reflect/value.go:447
2019/06/20 11:06:23.606 [C] [panic.go:522]  C:/Go/src/reflect/value.go:308
2019/06/20 11:06:23.606 [C] [panic.go:522]  C:/Users/apina/go/src/github.com/astaxie/beego/router.go:853
2019/06/20 11:06:23.606 [C] [panic.go:522]  C:/Go/src/net/http/server.go:2774
2019/06/20 11:06:23.607 [C] [panic.go:522]  C:/Go/src/net/http/server.go:1878
2019/06/20 11:06:23.607 [C] [panic.go:522]  C:/Go/src/runtime/asm_amd64.s:1337
2019/06/20 11:06:23.608 [server.go:3010]  [HTTP] http: superfluous response.WriteHeader call from github.com/astaxie/beego/context.(*Response).WriteHeader (context.go:230)
2019/06/20 11:08:47.594 [I] [asm_amd64.s:1337]  http server Running on http://:6700
2019/06/20 11:08:53.238 [D] [server.go:2774]  |      127.0.0.1|[42m 200 [0m|     71.832ms|   match|[46m POST    [0m /v1/user/   r:/v1/user/
2019/06/20 11:11:20.396 [I] [asm_amd64.s:1337]  http server Running on http://:6700
2019/06/20 11:13:12.424 [I] [asm_amd64.s:1337]  http server Running on http://:6700
2019/06/20 11:13:16.989 [D] [server.go:2774]  |      127.0.0.1|[42m 200 [0m|   402.4118ms|   match|[46m POST    [0m /v1/user/   r:/v1/user/
2019/06/20 11:13:36.160 [I] [asm_amd64.s:1337]  http server Running on http://:6700
2019/06/20 11:13:39.566 [D] [server.go:2774]  |      127.0.0.1|[42m 200 [0m|    51.9047ms|   match|[46m POST    [0m /v1/user/   r:/v1/user/
2019/06/20 11:15:53.961 [I] [asm_amd64.s:1337]  http server Running on http://:6700
2019/06/20 11:15:54.123 [D] [server.go:2774]  |      127.0.0.1|[42m 200 [0m|    72.8047ms|   match|[46m POST    [0m /v1/user/   r:/v1/user/
2019/06/20 11:17:56.251 [I] [asm_amd64.s:1337]  http server Running on http://:6700
2019/06/20 11:18:47.652 [I] [asm_amd64.s:1337]  http server Running on http://:6700
2019/06/20 11:18:53.230 [D] [server.go:2774]  |      127.0.0.1|[42m 200 [0m|    58.3551ms|   match|[46m POST    [0m /v1/user/   r:/v1/user/
2019/06/20 11:19:00.113 [D] [server.go:2774]  |      127.0.0.1|[42m 200 [0m|    53.9366ms|   match|[46m POST    [0m /v1/user/   r:/v1/user/
2019/06/20 11:21:09.930 [I] [asm_amd64.s:1337]  http server Running on http://:6700
2019/06/20 11:21:11.519 [D] [server.go:2774]  |      127.0.0.1|[42m 200 [0m|   385.6039ms|   match|[46m POST    [0m /v1/user/   r:/v1/user/
2019/06/20 11:21:38.682 [D] [server.go:2774]  |      127.0.0.1|[42m 200 [0m|      52.66ms|   match|[46m POST    [0m /v1/user/   r:/v1/user/
2019/06/20 11:24:39.242 [I] [asm_amd64.s:1337]  http server Running on http://:6700
2019/06/20 11:24:42.501 [D] [server.go:2774]  |      127.0.0.1|[42m 200 [0m|    67.6131ms|   match|[46m POST    [0m /v1/user/   r:/v1/user/
2019/06/20 11:24:53.884 [D] [server.go:2774]  |      127.0.0.1|[42m 200 [0m|    52.2587ms|   match|[46m POST    [0m /v1/user/   r:/v1/user/
2019/06/20 11:25:17.899 [D] [server.go:2774]  |      127.0.0.1|[42m 200 [0m|   120.3436ms|   match|[46m POST    [0m /v1/user/   r:/v1/user/
2019/06/20 11:25:40.187 [I] [asm_amd64.s:1337]  http server Running on http://:6700
2019/06/20 11:25:43.316 [D] [server.go:2774]  |      127.0.0.1|[42m 200 [0m|    67.5334ms|   match|[46m POST    [0m /v1/user/   r:/v1/user/
2019/06/20 11:26:29.151 [I] [asm_amd64.s:1337]  http server Running on http://:6700
2019/06/20 11:26:31.940 [D] [server.go:2774]  |      127.0.0.1|[42m 200 [0m|   367.2506ms|   match|[46m POST    [0m /v1/user/   r:/v1/user/
2019/06/20 11:26:57.794 [I] [asm_amd64.s:1337]  http server Running on http://:6700
2019/06/20 11:27:16.668 [I] [asm_amd64.s:1337]  http server Running on http://:6700
2019/06/20 11:27:20.811 [D] [server.go:2774]  |      127.0.0.1|[42m 200 [0m|    52.8567ms|   match|[46m POST    [0m /v1/user/   r:/v1/user/
2019/06/20 11:27:31.228 [D] [server.go:2774]  |      127.0.0.1|[42m 200 [0m|    52.6932ms|   match|[46m POST    [0m /v1/user/   r:/v1/user/
2019/06/20 11:29:29.076 [D] [server.go:2774]  |      127.0.0.1|[42m 200 [0m|    71.8043ms|   match|[46m POST    [0m /v1/user/   r:/v1/user/
2019/06/20 11:29:31.955 [I] [asm_amd64.s:1337]  http server Running on http://:6700
2019/06/20 11:29:36.497 [D] [server.go:2774]  |      127.0.0.1|[42m 200 [0m|   184.0955ms|   match|[46m POST    [0m /v1/user/   r:/v1/user/
2019/06/20 11:30:02.238 [I] [asm_amd64.s:1337]  http server Running on http://:6700
2019/06/20 11:30:03.276 [D] [server.go:2774]  |      127.0.0.1|[42m 200 [0m|     52.825ms|   match|[46m POST    [0m /v1/user/   r:/v1/user/
2019/06/20 11:33:04.009 [I] [asm_amd64.s:1337]  http server Running on http://:6700
2019/06/20 11:33:06.919 [D] [server.go:2774]  |      127.0.0.1|[42m 200 [0m|    72.2638ms|   match|[46m POST    [0m /v1/user/   r:/v1/user/
2019/06/20 11:33:15.676 [D] [server.go:2774]  |      127.0.0.1|[42m 200 [0m|    50.6124ms|   match|[46m POST    [0m /v1/user/   r:/v1/user/
2019/06/20 11:34:35.997 [I] [asm_amd64.s:1337]  http server Running on http://:6700
2019/06/20 11:34:51.482 [I] [asm_amd64.s:1337]  http server Running on http://:6700
2019/06/20 11:34:55.964 [D] [server.go:2774]  |      127.0.0.1|[42m 200 [0m|    72.0459ms|   match|[46m POST    [0m /v1/user/   r:/v1/user/
2019/06/20 11:35:09.227 [D] [server.go:2774]  |      127.0.0.1|[42m 200 [0m|    57.8998ms|   match|[46m POST    [0m /v1/user/   r:/v1/user/
2019/06/20 11:35:41.966 [D] [server.go:2774]  |      127.0.0.1|[42m 200 [0m|   287.9792ms|   match|[46m POST    [0m /v1/user/   r:/v1/user/
2019/06/20 11:36:11.855 [I] [asm_amd64.s:1337]  http server Running on http://:6700
2019/06/20 11:42:52.596 [I] [asm_amd64.s:1337]  http server Running on http://:6700
2019/06/20 11:59:06.549 [I] [asm_amd64.s:1337]  http server Running on http://:6700
2019/06/20 11:59:08.181 [I] [asm_amd64.s:1337]  http server Running on http://:6700
2019/06/20 12:01:07.634 [I] [asm_amd64.s:1337]  http server Running on http://:6700
2019/06/20 12:01:19.916 [I] [asm_amd64.s:1337]  http server Running on http://:6700
2019/06/20 12:01:21.765 [D] [server.go:2774]  |            ::1|[47m 304 [0m|      998.4µs|   match|[44m GET     [0m /swagger/
2019/06/20 12:01:21.779 [D] [server.go:2774]  |            ::1|[47m 304 [0m|      997.5µs|   match|[44m GET     [0m /swagger/swagger-ui.css
2019/06/20 12:01:21.784 [D] [server.go:2774]  |            ::1|[47m 304 [0m|      4.988ms|   match|[44m GET     [0m /swagger/swagger-ui-bundle.js
2019/06/20 12:01:21.790 [D] [server.go:2774]  |            ::1|[47m 304 [0m|    10.4534ms|   match|[44m GET     [0m /swagger/swagger-ui-standalone-preset.js
2019/06/20 12:01:21.971 [D] [server.go:2774]  |            ::1|[42m 200 [0m|           0s|   match|[44m GET     [0m /swagger/swagger.json
2019/06/20 12:01:21.992 [D] [server.go:2774]  |            ::1|[42m 200 [0m|           0s|   match|[44m GET     [0m /swagger/favicon-32x32.png
2019/06/20 12:10:28.786 [D] [server.go:2774]  |      127.0.0.1|[42m 200 [0m|           0s|   match|[44m GET     [0m /v1/user/login   r:/v1/user/login
2019/06/20 12:11:05.323 [D] [server.go:2774]  |      127.0.0.1|[42m 200 [0m|           0s|   match|[44m GET     [0m /v1/user/login   r:/v1/user/login
2019/06/20 14:25:10.785 [D] [server.go:2774]  |      127.0.0.1|[42m 200 [0m|           0s|   match|[44m GET     [0m /v1/user/login   r:/v1/user/login
2019/06/20 14:26:44.678 [I] [asm_amd64.s:1337]  http server Running on http://:6700
2019/06/20 14:26:44.716 [D] [server.go:2774]  |      127.0.0.1|[42m 200 [0m|     1.9941ms|   match|[44m GET     [0m /v1/user/login   r:/v1/user/login
2019/06/20 14:27:13.322 [D] [server.go:2774]  |      127.0.0.1|[42m 200 [0m|      997.6µs|   match|[44m GET     [0m /v1/user/login   r:/v1/user/login
2019/06/20 14:27:26.397 [D] [server.go:2774]  |      127.0.0.1|[42m 200 [0m|      996.7µs|   match|[44m GET     [0m /v1/user/login   r:/v1/user/login
2019/06/20 14:27:31.952 [D] [server.go:2774]  |      127.0.0.1|[42m 200 [0m|      997.2µs|   match|[44m GET     [0m /v1/user/login   r:/v1/user/login
2019/06/20 14:28:30.291 [I] [asm_amd64.s:1337]  http server Running on http://:6700
2019/06/20 14:28:31.809 [D] [server.go:2774]  |      127.0.0.1|[42m 200 [0m|     2.9924ms|   match|[44m GET     [0m /v1/user/login   r:/v1/user/login
2019/06/20 15:38:28.084 [I] [asm_amd64.s:1337]  http server Running on http://:6700
2019/06/20 15:39:23.431 [I] [asm_amd64.s:1337]  http server Running on http://:6700
2019/06/20 15:39:27.009 [D] [server.go:2774]  |            ::1|[42m 200 [0m|        992µs|   match|[44m GET     [0m /swagger/
2019/06/20 15:39:27.021 [D] [server.go:2774]  |            ::1|[42m 200 [0m|           0s|   match|[44m GET     [0m /swagger/swagger-ui.css
2019/06/20 15:39:27.027 [D] [server.go:2774]  |            ::1|[42m 200 [0m|     4.9852ms|   match|[44m GET     [0m /swagger/swagger-ui-bundle.js
2019/06/20 15:39:27.031 [D] [server.go:2774]  |            ::1|[42m 200 [0m|     9.2101ms|   match|[44m GET     [0m /swagger/swagger-ui-standalone-preset.js
2019/06/20 15:39:28.040 [D] [server.go:2774]  |            ::1|[42m 200 [0m|      1.002ms|   match|[44m GET     [0m /swagger/swagger.json
2019/06/20 15:39:28.062 [D] [server.go:2774]  |            ::1|[42m 200 [0m|        998µs|   match|[44m GET     [0m /swagger/favicon-32x32.png
2019/06/20 15:39:54.626 [D] [server.go:2774]  |      127.0.0.1|[42m 200 [0m|      996.9µs|   match|[44m GET     [0m /v1/user/   r:/v1/user/
2019/06/20 17:07:31.436 [I] [asm_amd64.s:1337]  http server Running on http://:6700
2019/06/20 17:07:34.653 [D] [server.go:2774]  |      127.0.0.1|[42m 200 [0m|     1.9954ms|   match|[44m GET     [0m /v1/user/   r:/v1/user/
2019/06/20 17:28:56.021 [I] [asm_amd64.s:1337]  http server Running on http://:6700
2019/06/20 17:30:29.169 [D] [server.go:2774]  |      127.0.0.1|[42m 200 [0m|      997.1µs|   match|[44m GET     [0m /v1/user/1   r:/v1/user/:uid
2019/06/20 17:30:37.857 [D] [server.go:2774]  |      127.0.0.1|[42m 200 [0m|      988.7µs|   match|[44m GET     [0m /v1/user/2   r:/v1/user/:uid
2019/06/20 17:36:42.603 [I] [asm_amd64.s:1337]  http server Running on http://:6700
2019/06/20 22:05:53.399 [I] [asm_amd64.s:1337]  http server Running on http://:6700
2019/06/20 22:05:56.983 [I] [asm_amd64.s:1337]  http server Running on http://:6700
2019/06/20 22:06:00.621 [I] [asm_amd64.s:1337]  http server Running on http://:6700
2019/06/20 22:06:04.227 [I] [asm_amd64.s:1337]  http server Running on http://:6700
2019/06/20 22:06:07.890 [I] [asm_amd64.s:1337]  http server Running on http://:6700
2019/06/20 22:06:11.444 [I] [asm_amd64.s:1337]  http server Running on http://:6700
2019/06/20 22:09:19.775 [D] [server.go:2774]  |            ::1|[42m 200 [0m|      998.2µs|   match|[44m GET     [0m /swagger/
2019/06/20 22:09:19.801 [D] [server.go:2774]  |            ::1|[42m 200 [0m|      996.8µs|   match|[44m GET     [0m /swagger/swagger-ui.css
2019/06/20 22:09:19.810 [D] [server.go:2774]  |            ::1|[42m 200 [0m|     5.9874ms|   match|[44m GET     [0m /swagger/swagger-ui-standalone-preset.js
2019/06/20 22:09:19.811 [D] [server.go:2774]  |            ::1|[42m 200 [0m|      8.976ms|   match|[44m GET     [0m /swagger/swagger-ui-bundle.js
2019/06/20 22:09:21.112 [D] [server.go:2774]  |            ::1|[42m 200 [0m|      553.3µs|   match|[44m GET     [0m /swagger/swagger.json
2019/06/20 22:12:02.551 [I] [asm_amd64.s:1337]  http server Running on http://:6700
2019/06/20 22:12:03.371 [D] [server.go:2774]  |            ::1|[47m 304 [0m|      996.7µs|   match|[44m GET     [0m /swagger/
2019/06/20 22:12:03.947 [D] [server.go:2774]  |            ::1|[42m 200 [0m|      138.7µs|   match|[44m GET     [0m /swagger/swagger.json
2019/06/20 22:12:04.387 [D] [server.go:2774]  |            ::1|[42m 200 [0m|      493.7µs|   match|[44m GET     [0m /swagger/favicon-32x32.png
2019/06/20 22:18:26.895 [I] [asm_amd64.s:1337]  http server Running on http://:6700
2019/06/20 23:08:13.361 [I] [asm_amd64.s:1337]  http server Running on http://:6700
